TN:
SF:C:\Users\jcarter\Desktop\GitHub\angular-cron-jobs\src\angular-cron-jobs.tpls.js
FN:3,(anonymous_1)
FNF:1
FNH:1
FNDA:20,(anonymous_1)
DA:1,1
DA:3,1
DA:4,20
LF:3
LH:3
BRF:0
BRH:0
end_of_record
TN:
SF:C:\Users\jcarter\Desktop\GitHub\angular-cron-jobs\src\cronSelection.js
FN:5,(anonymous_1)
FN:16,(anonymous_2)
FN:19,(anonymous_3)
FN:43,(anonymous_4)
FN:80,(anonymous_5)
FN:93,setInitialValuesForBase
FN:118,(anonymous_7)
FN:119,(anonymous_8)
FN:141,(anonymous_9)
FN:142,(anonymous_10)
FN:164,(anonymous_11)
FN:165,(anonymous_12)
FNF:12
FNH:11
FNDA:9,(anonymous_1)
FNDA:9,(anonymous_2)
FNDA:9,(anonymous_3)
FNDA:16,(anonymous_4)
FNDA:16,(anonymous_5)
FNDA:0,setInitialValuesForBase
FNDA:9,(anonymous_7)
FNDA:1364,(anonymous_8)
FNDA:9,(anonymous_9)
FNDA:516,(anonymous_10)
FNDA:9,(anonymous_11)
FNDA:294,(anonymous_12)
DA:3,1
DA:5,1
DA:6,9
DA:17,9
DA:21,9
DA:23,9
DA:43,9
DA:44,16
DA:45,7
DA:46,7
DA:47,9
DA:48,0
DA:52,9
DA:53,9
DA:54,9
DA:55,9
DA:56,9
DA:57,9
DA:58,9
DA:59,9
DA:60,45
DA:61,9
DA:67,9
DA:68,9
DA:70,0
DA:74,9
DA:75,9
DA:76,9
DA:77,9
DA:78,9
DA:80,9
DA:81,16
DA:82,7
DA:83,0
DA:84,7
DA:85,0
DA:88,7
DA:89,7
DA:93,1
DA:94,0
DA:96,0
DA:97,0
DA:100,0
DA:101,0
DA:104,0
DA:105,0
DA:108,0
DA:109,0
DA:112,0
DA:113,0
DA:119,9
DA:120,1364
DA:122,44
DA:124,44
DA:126,44
DA:128,44
DA:130,44
DA:132,44
DA:134,44
DA:136,0
DA:138,1056
DA:142,9
DA:143,516
DA:158,516
DA:159,516
DA:161,0
DA:165,9
DA:166,294
DA:176,294
DA:177,294
DA:179,0
LF:71
LH:53
BRDA:17,1,0,9
BRDA:17,1,1,9
BRDA:44,2,0,7
BRDA:44,2,1,9
BRDA:44,3,0,16
BRDA:44,3,1,7
BRDA:47,4,0,0
BRDA:47,4,1,9
BRDA:52,5,0,9
BRDA:52,5,1,0
BRDA:52,6,0,9
BRDA:52,6,1,9
BRDA:53,7,0,9
BRDA:53,7,1,0
BRDA:58,8,0,9
BRDA:58,8,1,0
BRDA:60,9,0,9
BRDA:60,9,1,36
BRDA:67,10,0,9
BRDA:67,10,1,0
BRDA:81,11,0,7
BRDA:81,11,1,9
BRDA:82,12,0,0
BRDA:82,12,1,7
BRDA:82,13,0,7
BRDA:82,13,1,7
BRDA:82,13,2,7
BRDA:82,13,3,0
BRDA:82,13,4,7
BRDA:84,14,0,0
BRDA:84,14,1,7
BRDA:84,15,0,7
BRDA:84,15,1,7
BRDA:84,15,2,7
BRDA:84,15,3,0
BRDA:96,16,0,0
BRDA:96,16,1,0
BRDA:100,17,0,0
BRDA:100,17,1,0
BRDA:104,18,0,0
BRDA:104,18,1,0
BRDA:108,19,0,0
BRDA:108,19,1,0
BRDA:112,20,0,0
BRDA:112,20,1,0
BRDA:120,21,0,44
BRDA:120,21,1,44
BRDA:120,21,2,44
BRDA:120,21,3,44
BRDA:120,21,4,44
BRDA:120,21,5,44
BRDA:120,21,6,44
BRDA:120,21,7,0
BRDA:120,21,8,1056
BRDA:158,22,0,516
BRDA:158,22,1,0
BRDA:158,23,0,516
BRDA:158,23,1,516
BRDA:176,24,0,294
BRDA:176,24,1,0
BRDA:176,25,0,294
BRDA:176,25,1,294
BRF:62
BRH:40
end_of_record
TN:
SF:C:\Users\jcarter\Desktop\GitHub\angular-cron-jobs\src\cronService.js
FN:3,(anonymous_1)
FN:6,(anonymous_2)
FN:31,(anonymous_3)
FNF:3
FNH:3
FNDA:20,(anonymous_1)
FNDA:14,(anonymous_2)
FNDA:18,(anonymous_3)
DA:3,1
DA:4,20
DA:6,20
DA:7,14
DA:9,14
DA:10,12
DA:13,14
DA:14,10
DA:17,14
DA:18,2
DA:21,14
DA:22,6
DA:25,14
DA:26,4
DA:28,14
DA:31,20
DA:32,18
DA:33,18
DA:35,18
DA:36,1
DA:37,17
DA:38,4
DA:39,13
DA:40,3
DA:41,10
DA:42,3
DA:43,7
DA:44,3
DA:45,4
DA:46,4
DA:49,18
DA:51,17
DA:52,14
DA:53,19
DA:54,14
DA:56,3
DA:59,18
DA:61,13
DA:62,11
DA:63,13
DA:64,11
DA:66,2
DA:69,18
DA:71,7
DA:72,7
DA:73,9
DA:74,7
DA:76,0
DA:79,18
DA:81,4
DA:82,4
DA:83,6
DA:84,4
DA:86,0
DA:89,18
DA:91,3
DA:92,2
DA:93,3
DA:94,2
DA:96,1
DA:99,18
DA:101,20
LF:62
LH:60
BRDA:9,1,0,12
BRDA:9,1,1,2
BRDA:9,2,0,14
BRDA:9,2,1,14
BRDA:9,2,2,14
BRDA:10,3,0,12
BRDA:10,3,1,0
BRDA:13,4,0,10
BRDA:13,4,1,4
BRDA:13,5,0,14
BRDA:13,5,1,14
BRDA:13,5,2,14
BRDA:14,6,0,10
BRDA:14,6,1,0
BRDA:17,7,0,2
BRDA:17,7,1,12
BRDA:17,8,0,14
BRDA:17,8,1,14
BRDA:17,8,2,14
BRDA:21,9,0,6
BRDA:21,9,1,8
BRDA:21,10,0,14
BRDA:21,10,1,14
BRDA:21,10,2,14
BRDA:22,11,0,6
BRDA:22,11,1,0
BRDA:25,12,0,4
BRDA:25,12,1,10
BRDA:25,13,0,14
BRDA:25,13,1,14
BRDA:25,13,2,14
BRDA:26,14,0,4
BRDA:26,14,1,0
BRDA:35,15,0,1
BRDA:35,15,1,17
BRDA:35,16,0,18
BRDA:35,16,1,1
BRDA:35,16,2,1
BRDA:35,16,3,1
BRDA:35,16,4,1
BRDA:37,17,0,4
BRDA:37,17,1,13
BRDA:37,18,0,17
BRDA:37,18,1,4
BRDA:37,18,2,4
BRDA:37,18,3,4
BRDA:39,19,0,3
BRDA:39,19,1,10
BRDA:39,20,0,13
BRDA:39,20,1,6
BRDA:39,20,2,6
BRDA:41,21,0,3
BRDA:41,21,1,7
BRDA:41,22,0,10
BRDA:41,22,1,3
BRDA:43,23,0,3
BRDA:43,23,1,4
BRDA:43,24,0,7
BRDA:43,24,1,3
BRDA:45,25,0,4
BRDA:45,25,1,0
BRDA:49,26,0,17
BRDA:49,26,1,1
BRDA:51,27,0,14
BRDA:51,27,1,3
BRDA:59,28,0,13
BRDA:59,28,1,5
BRDA:61,29,0,11
BRDA:61,29,1,2
BRDA:69,30,0,7
BRDA:69,30,1,11
BRDA:71,31,0,7
BRDA:71,31,1,0
BRDA:79,32,0,4
BRDA:79,32,1,14
BRDA:81,33,0,4
BRDA:81,33,1,0
BRDA:89,34,0,3
BRDA:89,34,1,15
BRDA:91,35,0,2
BRDA:91,35,1,1
BRF:81
BRH:74
end_of_record
